<?xml version="1.0" encoding="UTF-8"?>
<!-- Generated by org.testng.reporters.JUnitXMLReporter -->
<testsuite hostname="LAPTOP-0NV2K68R" ignored="0" name="Test" tests="1" failures="1" timestamp="2020-08-29T17:02:47 IST" time="0.052" errors="0">
  <testcase name="totalValidation" time="0.008" classname="TestScript.LoginTestScript">
    <failure type="java.lang.NullPointerException">
      <![CDATA[java.lang.NullPointerException
at java.io.File.<init>(File.java:360)
at Pages.Base.capabilities(Base.java:33)
at TestScript.LoginTestScript.totalValidation(LoginTestScript.java:25)
at java.util.ArrayList.forEach(ArrayList.java:1257)
... Removed 27 stack frames]]>
    </failure>
  </testcase> <!-- totalValidation -->
</testsuite> <!-- Test -->
