<?xml version="1.0" encoding="UTF-8"?>
<testng-results skipped="0" failed="0" ignored="0" total="1" passed="1">
  <reporter-output>
  </reporter-output>
  <suite name="Suite" duration-ms="59758" started-at="2020-09-01T10:13:20Z" finished-at="2020-09-01T10:14:20Z">
    <groups>
    </groups>
    <test name="Test" duration-ms="59758" started-at="2020-09-01T10:13:20Z" finished-at="2020-09-01T10:14:20Z">
      <class name="TestScript.TestScript">
        <test-method status="PASS" signature="setUp()[pri:0, instance:TestScript.TestScript@6295d394]" name="setUp" is-config="true" duration-ms="15740" started-at="2020-09-01T10:13:20Z" finished-at="2020-09-01T10:13:36Z">
          <reporter-output>
          </reporter-output>
        </test-method> <!-- setUp -->
        <test-method status="PASS" signature="testExecution()[pri:0, instance:TestScript.TestScript@6295d394]" name="testExecution" duration-ms="43997" started-at="2020-09-01T10:13:36Z" finished-at="2020-09-01T10:14:20Z">
          <reporter-output>
          </reporter-output>
        </test-method> <!-- testExecution -->
        <test-method status="PASS" signature="tearDown()[pri:0, instance:TestScript.TestScript@6295d394]" name="tearDown" is-config="true" duration-ms="0" started-at="2020-09-01T10:14:20Z" finished-at="2020-09-01T10:14:20Z">
          <reporter-output>
          </reporter-output>
        </test-method> <!-- tearDown -->
      </class> <!-- TestScript.TestScript -->
    </test> <!-- Test -->
  </suite> <!-- Suite -->
</testng-results>
